2015-08-23 19:18:57,663 - Initializing Velocity, Calling init()...
2015-08-23 19:18:57,664 - Starting Apache Velocity v1.7 (compiled: 2010-11-19 12:14:37)
2015-08-23 19:18:57,664 - Default Properties File: org\apache\velocity\runtime\defaults\velocity.properties
2015-08-23 19:18:57,664 - Trying to use logger class org.apache.velocity.runtime.log.AvalonLogChute
2015-08-23 19:18:57,664 - Target log system for org.apache.velocity.runtime.log.AvalonLogChute is not available (java.lang.NoClassDefFoundError: org/apache/log/format/Formatter).  Falling back to next log system...
2015-08-23 19:18:57,664 - Trying to use logger class org.apache.velocity.runtime.log.Log4JLogChute
2015-08-23 19:18:57,664 - Using logger class org.apache.velocity.runtime.log.Log4JLogChute
2015-08-23 19:18:57,665 - ResourceLoader instantiated: org.apache.velocity.runtime.resource.loader.ClasspathResourceLoader
2015-08-23 19:18:57,665 - ResourceCache: initialized (class org.apache.velocity.runtime.resource.ResourceCacheImpl) with class java.util.Collections$SynchronizedMap cache map.
2015-08-23 19:18:57,667 - Loaded System Directive: org.apache.velocity.runtime.directive.Stop
2015-08-23 19:18:57,667 - Loaded System Directive: org.apache.velocity.runtime.directive.Define
2015-08-23 19:18:57,667 - Loaded System Directive: org.apache.velocity.runtime.directive.Break
2015-08-23 19:18:57,667 - Loaded System Directive: org.apache.velocity.runtime.directive.Evaluate
2015-08-23 19:18:57,667 - Loaded System Directive: org.apache.velocity.runtime.directive.Literal
2015-08-23 19:18:57,668 - Loaded System Directive: org.apache.velocity.runtime.directive.Macro
2015-08-23 19:18:57,668 - Loaded System Directive: org.apache.velocity.runtime.directive.Parse
2015-08-23 19:18:57,668 - Loaded System Directive: org.apache.velocity.runtime.directive.Include
2015-08-23 19:18:57,668 - Loaded System Directive: org.apache.velocity.runtime.directive.Foreach
2015-08-23 19:18:57,674 - Created '20' parsers.
2015-08-23 19:18:57,675 - Velocimacro : "velocimacro.library" is not set.  Trying default library: VM_global_library.vm
2015-08-23 19:18:57,675 - Could not load resource 'VM_global_library.vm' from ResourceLoader org.apache.velocity.runtime.resource.loader.ClasspathResourceLoader: ClasspathResourceLoader Error: cannot find resource VM_global_library.vm
2015-08-23 19:18:57,675 - Velocimacro : Default library not found.
2015-08-23 19:18:57,675 - Velocimacro : allowInline = true : VMs can be defined inline in templates
2015-08-23 19:18:57,676 - Velocimacro : allowInlineToOverride = false : VMs defined inline may NOT replace previous VM definitions
2015-08-23 19:18:57,676 - Velocimacro : allowInlineLocal = false : VMs defined inline will be global in scope if allowed.
2015-08-23 19:18:57,676 - Velocimacro : autoload off : VM system will not automatically reload global library macros
2015-08-23 19:18:57,678 - ResourceManager : found /template/select.vm with loader org.apache.velocity.runtime.resource.loader.ClasspathResourceLoader
